[16:23:22] [Server console handler/ERROR]: Exception handling console input
java.io.IOException: The handle is invalid
	at java.io.FileInputStream.readBytes(Native Method) ~[?:1.8.0_91]
	at java.io.FileInputStream.read(Unknown Source) ~[?:1.8.0_91]
	at java.io.BufferedInputStream.read1(Unknown Source) ~[?:1.8.0_91]
	at java.io.BufferedInputStream.read(Unknown Source) ~[?:1.8.0_91]
	at sun.nio.cs.StreamDecoder.readBytes(Unknown Source) ~[?:1.8.0_91]
	at sun.nio.cs.StreamDecoder.implRead(Unknown Source) ~[?:1.8.0_91]
	at sun.nio.cs.StreamDecoder.read(Unknown Source) ~[?:1.8.0_91]
	at java.io.InputStreamReader.read(Unknown Source) ~[?:1.8.0_91]
	at java.io.BufferedReader.fill(Unknown Source) ~[?:1.8.0_91]
	at java.io.BufferedReader.readLine(Unknown Source) ~[?:1.8.0_91]
	at java.io.BufferedReader.readLine(Unknown Source) ~[?:1.8.0_91]
	at ld$2.run(SourceFile:95) [minecraft_server.1.10.2.jar:?]
[16:23:22] [Server thread/INFO]: Starting minecraft server version 1.10.2
[16:23:22] [Server thread/WARN]: To start the server with more ram, launch it as "java -Xmx1024M -Xms1024M -jar minecraft_server.jar"
[16:23:22] [Server thread/INFO]: Loading properties
[16:23:23] [Server thread/INFO]: Default game type: SURVIVAL
[16:23:23] [Server thread/INFO]: Generating keypair
[16:23:25] [Server thread/INFO]: Starting Minecraft server on *:25565
[16:23:25] [Server thread/INFO]: Using default channel type
[16:23:25] [Server thread/WARN]: **** SERVER IS RUNNING IN OFFLINE/INSECURE MODE!
[16:23:25] [Server thread/WARN]: The server will make no attempt to authenticate usernames. Beware.
[16:23:25] [Server thread/WARN]: While this makes the game possible to play without internet access, it also opens up the ability for hackers to connect with any username they choose.
[16:23:25] [Server thread/WARN]: To change this, set "online-mode" to "true" in the server.properties file.
[16:23:25] [Server thread/INFO]: Preparing level "world"
[16:23:26] [Server thread/INFO]: Preparing start region for level 0
[16:23:33] [Server thread/INFO]: Preparing spawn area: 0%
[16:23:34] [Server thread/INFO]: Preparing spawn area: 2%
[16:23:35] [Server thread/INFO]: Preparing spawn area: 8%
[16:23:36] [Server thread/INFO]: Preparing spawn area: 14%
[16:23:37] [Server thread/INFO]: Preparing spawn area: 20%
[16:23:38] [Server thread/INFO]: Preparing spawn area: 26%
[16:23:40] [Server thread/INFO]: Preparing spawn area: 30%
[16:23:41] [Server thread/INFO]: Preparing spawn area: 36%
[16:23:42] [Server thread/INFO]: Preparing spawn area: 41%
[16:23:43] [Server thread/INFO]: Preparing spawn area: 48%
[16:23:44] [Server thread/INFO]: Preparing spawn area: 54%
[16:23:45] [Server thread/INFO]: Preparing spawn area: 59%
[16:23:46] [Server thread/INFO]: Preparing spawn area: 64%
[16:23:47] [Server thread/INFO]: Preparing spawn area: 68%
[16:23:48] [Server thread/INFO]: Preparing spawn area: 73%
[16:23:48] [Server thread/WARN]: Keeping entity Chicken that already exists with UUID 2cc91121-6e48-462b-9d99-b2607f348f19
[16:23:49] [Server thread/INFO]: Preparing spawn area: 80%
[16:23:49] [Server thread/WARN]: Keeping entity Chicken that already exists with UUID 17a1a90f-afa0-47af-a5d8-05c4020bfb06
[16:23:50] [Server thread/WARN]: Keeping entity Pig that already exists with UUID 4a339d57-2b76-4fde-9c25-be7d48459c50
[16:23:50] [Server thread/INFO]: Preparing spawn area: 87%
[16:23:52] [Server thread/INFO]: Preparing spawn area: 92%
[16:23:53] [Server thread/INFO]: Preparing spawn area: 99%
[16:23:53] [Server thread/INFO]: Done (27.370s)! For help, type "help" or "?"
[16:24:11] [Server thread/WARN]: Can't keep up! Did the system time change, or is the server overloaded? Running 16668ms behind, skipping 333 tick(s)
[16:24:32] [Server thread/WARN]: Can't keep up! Did the system time change, or is the server overloaded? Running 20666ms behind, skipping 413 tick(s)
[16:24:49] [Server thread/INFO]: Deathstroke7[/172.16.50.75:63770] logged in with entity id 553 at (-627.9029550789791, 71.0, 538.9604201988062)
[16:24:49] [Server thread/INFO]: Deathstroke7 joined the game
[16:24:51] [Server thread/WARN]: Keeping entity Zombie that already exists with UUID 962bed5c-92a3-4190-bf5d-d49633d9b6d8
[16:24:54] [Server thread/WARN]: Can't keep up! Did the system time change, or is the server overloaded? Running 22063ms behind, skipping 441 tick(s)
[16:25:14] [Server thread/WARN]: Can't keep up! Did the system time change, or is the server overloaded? Running 20753ms behind, skipping 415 tick(s)
[16:25:36] [Server thread/WARN]: Can't keep up! Did the system time change, or is the server overloaded? Running 21225ms behind, skipping 424 tick(s)
[16:25:56] [Server thread/WARN]: Can't keep up! Did the system time change, or is the server overloaded? Running 20420ms behind, skipping 408 tick(s)
[16:26:16] [Server thread/WARN]: Can't keep up! Did the system time change, or is the server overloaded? Running 20454ms behind, skipping 409 tick(s)
[16:26:38] [Server thread/WARN]: Can't keep up! Did the system time change, or is the server overloaded? Running 21280ms behind, skipping 425 tick(s)
[16:27:00] [Server thread/WARN]: Can't keep up! Did the system time change, or is the server overloaded? Running 21962ms behind, skipping 439 tick(s)
[16:27:23] [Server thread/WARN]: Can't keep up! Did the system time change, or is the server overloaded? Running 23549ms behind, skipping 470 tick(s)
[16:27:45] [Server thread/WARN]: Can't keep up! Did the system time change, or is the server overloaded? Running 21977ms behind, skipping 439 tick(s)
[16:27:54] [Server thread/INFO]: <Deathstroke7> for some reason the game isnt letting me eat food
[16:28:07] [Server thread/WARN]: Can't keep up! Did the system time change, or is the server overloaded? Running 21816ms behind, skipping 436 tick(s)
[16:28:16] [Server thread/INFO]: [Deathstroke7: Set own game mode to Creative Mode]
[16:28:29] [Server thread/WARN]: Can't keep up! Did the system time change, or is the server overloaded? Running 21699ms behind, skipping 433 tick(s)
[16:28:53] [Server thread/WARN]: Can't keep up! Did the system time change, or is the server overloaded? Running 24609ms behind, skipping 492 tick(s)
[16:29:14] [Server thread/WARN]: Can't keep up! Did the system time change, or is the server overloaded? Running 21124ms behind, skipping 422 tick(s)
[16:29:35] [Server thread/WARN]: Can't keep up! Did the system time change, or is the server overloaded? Running 20733ms behind, skipping 414 tick(s)
[16:29:54] [Server thread/WARN]: Keeping entity Zombie that already exists with UUID 962bed5c-92a3-4190-bf5d-d49633d9b6d8
[16:29:54] [Server thread/WARN]: Can't keep up! Did the system time change, or is the server overloaded? Running 19112ms behind, skipping 382 tick(s)
[16:30:15] [Server thread/WARN]: Can't keep up! Did the system time change, or is the server overloaded? Running 20266ms behind, skipping 405 tick(s)
[16:30:17] [Server thread/WARN]: Keeping entity Chicken that already exists with UUID 5b1d9564-e102-4b7a-a167-a7a55ba4da44
[16:30:21] [Server thread/WARN]: Deathstroke7 moved too quickly! 8.693471834416982,3.9387245965748434,3.202115829963873
[16:30:23] [Server thread/WARN]: Keeping entity Pig that already exists with UUID 6c0f170e-0dd8-41cb-bb65-a220ff4b63fc
[16:30:28] [Server thread/WARN]: Deathstroke7 moved too quickly! 0.381866264479072,-6.33126765530281,7.998432715635886
[16:30:33] [Server thread/WARN]: Can't keep up! Did the system time change, or is the server overloaded? Running 18629ms behind, skipping 372 tick(s)
[16:30:49] [Server thread/WARN]: Can't keep up! Did the system time change, or is the server overloaded? Running 15776ms behind, skipping 315 tick(s)
[16:30:49] [Server thread/WARN]: Deathstroke7 moved too quickly! 8.72304550931824,0.0,4.928632562000303
[16:30:58] [Server thread/WARN]: Can't keep up! Did the system time change, or is the server overloaded? Running 8632ms behind, skipping 172 tick(s)
[16:31:56] [Server thread/WARN]: Can't keep up! Did the system time change, or is the server overloaded? Running 35181ms behind, skipping 703 tick(s)
[16:32:00] [Server thread/WARN]: Can't keep up! Did the system time change, or is the server overloaded? Running 4025ms behind, skipping 80 tick(s)
[16:32:14] [Server thread/WARN]: Deathstroke7 moved too quickly! -9.913454108391306,2.244595864246051,2.3243828570221012
[16:32:18] [Server thread/WARN]: Deathstroke7 moved too quickly! 9.668786698587155,-0.009294054728343326,-3.0778959720573766
[16:32:22] [Server thread/WARN]: Deathstroke7 moved too quickly! 9.69488633111041,2.3554660536362064,-1.2684776905249464
[16:32:39] [Server thread/WARN]: Can't keep up! Did the system time change, or is the server overloaded? Running 27495ms behind, skipping 549 tick(s)
[16:32:43] [Server thread/WARN]: Can't keep up! Did the system time change, or is the server overloaded? Running 4279ms behind, skipping 85 tick(s)
[16:32:49] [Server thread/WARN]: Deathstroke7 moved too quickly! -10.152385403734911,0.0,-0.3352042911463968
[16:33:01] [Server thread/WARN]: Deathstroke7 moved too quickly! -1.5436866839606864,-2.3043168274575407,9.711611931845823
[16:33:23] [Server thread/WARN]: Can't keep up! Did the system time change, or is the server overloaded? Running 25858ms behind, skipping 517 tick(s)
[16:33:28] [Server thread/WARN]: Can't keep up! Did the system time change, or is the server overloaded? Running 4584ms behind, skipping 91 tick(s)
[16:34:07] [Server thread/WARN]: Can't keep up! Did the system time change, or is the server overloaded? Running 27345ms behind, skipping 546 tick(s)
[16:34:12] [Server thread/WARN]: Can't keep up! Did the system time change, or is the server overloaded? Running 4858ms behind, skipping 97 tick(s)
[16:34:50] [Server thread/WARN]: Deathstroke7 moved too quickly! 9.558798282128123,2.0,-2.679769839298501
[16:34:52] [Server thread/WARN]: Can't keep up! Did the system time change, or is the server overloaded? Running 24759ms behind, skipping 495 tick(s)
[16:34:56] [Server thread/WARN]: Can't keep up! Did the system time change, or is the server overloaded? Running 4094ms behind, skipping 81 tick(s)
[16:35:39] [Server thread/WARN]: Can't keep up! Did the system time change, or is the server overloaded? Running 24368ms behind, skipping 487 tick(s)
[16:35:43] [Server thread/WARN]: Can't keep up! Did the system time change, or is the server overloaded? Running 4193ms behind, skipping 83 tick(s)
[16:36:47] [Server thread/WARN]: Can't keep up! Did the system time change, or is the server overloaded? Running 37363ms behind, skipping 747 tick(s)
[16:36:51] [Server thread/WARN]: Can't keep up! Did the system time change, or is the server overloaded? Running 4182ms behind, skipping 83 tick(s)
[16:37:33] [Server thread/WARN]: Can't keep up! Did the system time change, or is the server overloaded? Running 26940ms behind, skipping 538 tick(s)
[16:37:37] [Server thread/WARN]: Can't keep up! Did the system time change, or is the server overloaded? Running 4631ms behind, skipping 92 tick(s)
[16:38:57] [Server thread/WARN]: Can't keep up! Did the system time change, or is the server overloaded? Running 54285ms behind, skipping 1085 tick(s)
[16:38:57] [Server thread/WARN]: Deathstroke7 moved too quickly! -8.310718451465846,5.370340998723734,-1.8661104328194824
[16:39:00] [Server thread/WARN]: Deathstroke7 moved too quickly! 4.655976085013322,1.3011832095956208,9.082425839625898
[16:39:06] [Server thread/WARN]: Deathstroke7 moved too quickly! -0.598818972610843,-3.369388557363081,9.490943121903342
[16:39:08] [Server thread/WARN]: Can't keep up! Did the system time change, or is the server overloaded? Running 10667ms behind, skipping 213 tick(s)
[16:39:31] [Server thread/WARN]: Keeping entity Zombie that already exists with UUID 962bed5c-92a3-4190-bf5d-d49633d9b6d8
[16:39:31] [Server thread/WARN]: Keeping entity Pig that already exists with UUID 6c0f170e-0dd8-41cb-bb65-a220ff4b63fc
[16:39:36] [Server thread/WARN]: Deathstroke7 moved too quickly! 7.95772867836979,0.0,6.138821373028009
[16:39:37] [Server thread/WARN]: Can't keep up! Did the system time change, or is the server overloaded? Running 22514ms behind, skipping 450 tick(s)
[16:39:42] [Server thread/WARN]: Can't keep up! Did the system time change, or is the server overloaded? Running 5836ms behind, skipping 116 tick(s)
[16:40:11] [Server thread/WARN]: Can't keep up! Did the system time change, or is the server overloaded? Running 18237ms behind, skipping 364 tick(s)
[16:40:17] [Server thread/WARN]: Can't keep up! Did the system time change, or is the server overloaded? Running 5754ms behind, skipping 115 tick(s)
[16:40:20] [Server thread/WARN]: Deathstroke7 moved too quickly! -10.139491796396555,0.0,-0.03380004551956972
[16:41:06] [Server thread/INFO]: [Deathstroke7: Set own game mode to Survival Mode]
[16:41:10] [Server thread/WARN]: Can't keep up! Did the system time change, or is the server overloaded? Running 28322ms behind, skipping 566 tick(s)
[16:41:17] [Server thread/WARN]: Can't keep up! Did the system time change, or is the server overloaded? Running 7647ms behind, skipping 152 tick(s)
[16:41:47] [Server thread/WARN]: Can't keep up! Did the system time change, or is the server overloaded? Running 15747ms behind, skipping 314 tick(s)
[16:41:50] [Server thread/WARN]: Can't keep up! Did the system time change, or is the server overloaded? Running 2973ms behind, skipping 59 tick(s)
[16:42:29] [Server thread/WARN]: Can't keep up! Did the system time change, or is the server overloaded? Running 22283ms behind, skipping 445 tick(s)
[16:42:33] [Server thread/WARN]: Can't keep up! Did the system time change, or is the server overloaded? Running 4488ms behind, skipping 89 tick(s)
[16:43:21] [Server thread/WARN]: Can't keep up! Did the system time change, or is the server overloaded? Running 32745ms behind, skipping 654 tick(s)
[16:43:26] [Server thread/WARN]: Can't keep up! Did the system time change, or is the server overloaded? Running 4475ms behind, skipping 89 tick(s)
[16:43:33] [Server thread/WARN]: Keeping entity Zombie that already exists with UUID 962bed5c-92a3-4190-bf5d-d49633d9b6d8
[16:43:49] [Server thread/WARN]: Keeping entity Pig that already exists with UUID 4a339d57-2b76-4fde-9c25-be7d48459c50
[16:44:07] [Server thread/WARN]: Keeping entity Pig that already exists with UUID 6c0f170e-0dd8-41cb-bb65-a220ff4b63fc
[16:44:10] [Server thread/WARN]: Can't keep up! Did the system time change, or is the server overloaded? Running 28353ms behind, skipping 567 tick(s)
[16:44:14] [Server thread/WARN]: Can't keep up! Did the system time change, or is the server overloaded? Running 3926ms behind, skipping 78 tick(s)
[16:44:51] [Server thread/WARN]: Can't keep up! Did the system time change, or is the server overloaded? Running 22559ms behind, skipping 451 tick(s)
[16:44:59] [Server thread/WARN]: Can't keep up! Did the system time change, or is the server overloaded? Running 8341ms behind, skipping 166 tick(s)
[16:45:44] [Server thread/WARN]: Can't keep up! Did the system time change, or is the server overloaded? Running 29134ms behind, skipping 582 tick(s)
[16:45:48] [Server thread/WARN]: Can't keep up! Did the system time change, or is the server overloaded? Running 3507ms behind, skipping 70 tick(s)
[16:46:19] [Server thread/WARN]: Keeping entity Zombie that already exists with UUID 962bed5c-92a3-4190-bf5d-d49633d9b6d8
[16:46:31] [Server thread/WARN]: Can't keep up! Did the system time change, or is the server overloaded? Running 27464ms behind, skipping 549 tick(s)
[16:46:36] [Server thread/WARN]: Can't keep up! Did the system time change, or is the server overloaded? Running 4761ms behind, skipping 95 tick(s)
[16:46:38] [Server thread/WARN]: Keeping entity Chicken that already exists with UUID 5b1d9564-e102-4b7a-a167-a7a55ba4da44
[16:47:37] [Server thread/WARN]: Can't keep up! Did the system time change, or is the server overloaded? Running 37734ms behind, skipping 754 tick(s)
[16:47:41] [Server thread/WARN]: Can't keep up! Did the system time change, or is the server overloaded? Running 4553ms behind, skipping 91 tick(s)
[16:48:07] [Server thread/WARN]: Can't keep up! Did the system time change, or is the server overloaded? Running 15653ms behind, skipping 313 tick(s)
[16:48:11] [Server thread/WARN]: Can't keep up! Did the system time change, or is the server overloaded? Running 4079ms behind, skipping 81 tick(s)
[16:48:42] [Server thread/WARN]: Can't keep up! Did the system time change, or is the server overloaded? Running 16962ms behind, skipping 339 tick(s)
[16:48:46] [Server thread/WARN]: Can't keep up! Did the system time change, or is the server overloaded? Running 3587ms behind, skipping 71 tick(s)
[16:49:22] [Server thread/WARN]: Can't keep up! Did the system time change, or is the server overloaded? Running 21810ms behind, skipping 436 tick(s)
[16:49:27] [Server thread/WARN]: Can't keep up! Did the system time change, or is the server overloaded? Running 4611ms behind, skipping 92 tick(s)
[16:49:45] [Server thread/WARN]: Keeping entity Chicken that already exists with UUID 5b1d9564-e102-4b7a-a167-a7a55ba4da44
[16:50:20] [Server thread/WARN]: Can't keep up! Did the system time change, or is the server overloaded? Running 31800ms behind, skipping 636 tick(s)
[16:50:25] [Server thread/WARN]: Can't keep up! Did the system time change, or is the server overloaded? Running 4176ms behind, skipping 83 tick(s)
[16:50:51] [Server thread/WARN]: Can't keep up! Did the system time change, or is the server overloaded? Running 15948ms behind, skipping 318 tick(s)
[16:50:57] [Server thread/WARN]: Can't keep up! Did the system time change, or is the server overloaded? Running 5142ms behind, skipping 102 tick(s)
[16:51:32] [Server thread/WARN]: Can't keep up! Did the system time change, or is the server overloaded? Running 22275ms behind, skipping 445 tick(s)
[16:51:37] [Server thread/WARN]: Can't keep up! Did the system time change, or is the server overloaded? Running 4783ms behind, skipping 95 tick(s)
[16:51:50] [Server thread/WARN]: Keeping entity Pig that already exists with UUID 6c0f170e-0dd8-41cb-bb65-a220ff4b63fc
[16:51:51] [Server thread/WARN]: Keeping entity Pig that already exists with UUID 4a339d57-2b76-4fde-9c25-be7d48459c50
[16:52:22] [Server thread/WARN]: Can't keep up! Did the system time change, or is the server overloaded? Running 28645ms behind, skipping 572 tick(s)
[16:52:25] [Server thread/WARN]: Can't keep up! Did the system time change, or is the server overloaded? Running 3703ms behind, skipping 74 tick(s)
[16:53:17] [Server thread/WARN]: Can't keep up! Did the system time change, or is the server overloaded? Running 31339ms behind, skipping 626 tick(s)
[16:53:17] [Server thread/INFO]: Deathstroke7 lost connection: TranslatableComponent{key='disconnect.genericReason', args=[Internal Exception: java.io.IOException: An existing connection was forcibly closed by the remote host], siblings=[], style=Style{hasParent=false, color=null, bold=null, italic=null, underlined=null, obfuscated=null, clickEvent=null, hoverEvent=null, insertion=null}}
[16:53:17] [Server thread/INFO]: Deathstroke7 left the game
[16:53:23] [Server thread/WARN]: Can't keep up! Did the system time change, or is the server overloaded? Running 5847ms behind, skipping 116 tick(s)
[16:53:45] [Server thread/WARN]: Can't keep up! Did the system time change, or is the server overloaded? Running 11044ms behind, skipping 220 tick(s)
[16:53:55] [Server thread/WARN]: Can't keep up! Did the system time change, or is the server overloaded? Running 2399ms behind, skipping 47 tick(s)
[16:54:22] [Server thread/INFO]: Deathstroke7[/172.16.50.75:64330] logged in with entity id 20849 at (-651.383997881679, 72.0, 562.9374498753574)
[16:54:22] [Server thread/INFO]: Deathstroke7 joined the game
[16:54:27] [Server thread/WARN]: Can't keep up! Did the system time change, or is the server overloaded? Running 5197ms behind, skipping 103 tick(s)
[16:54:56] [Server thread/WARN]: Can't keep up! Did the system time change, or is the server overloaded? Running 17980ms behind, skipping 359 tick(s)
[16:55:02] [Server thread/WARN]: Can't keep up! Did the system time change, or is the server overloaded? Running 5698ms behind, skipping 113 tick(s)
[16:55:28] [Server thread/WARN]: Keeping entity Zombie that already exists with UUID 962bed5c-92a3-4190-bf5d-d49633d9b6d8
[16:56:24] [Server thread/WARN]: Can't keep up! Did the system time change, or is the server overloaded? Running 51036ms behind, skipping 1020 tick(s)
[16:56:28] [Server thread/WARN]: Can't keep up! Did the system time change, or is the server overloaded? Running 3993ms behind, skipping 79 tick(s)
[16:57:38] [Server thread/WARN]: Can't keep up! Did the system time change, or is the server overloaded? Running 49075ms behind, skipping 981 tick(s)
[16:57:46] [Server thread/WARN]: Can't keep up! Did the system time change, or is the server overloaded? Running 7351ms behind, skipping 147 tick(s)
[16:58:18] [Server thread/WARN]: Can't keep up! Did the system time change, or is the server overloaded? Running 17518ms behind, skipping 350 tick(s)
[16:58:24] [Server thread/WARN]: Can't keep up! Did the system time change, or is the server overloaded? Running 5228ms behind, skipping 104 tick(s)
[16:58:47] [Server thread/WARN]: Deathstroke7 moved too quickly! 4.025956719275769,-1.0,-9.17824052188655
[16:59:05] [Server thread/INFO]: Deathstroke7 lost connection: TranslatableComponent{key='disconnect.genericReason', args=[Internal Exception: java.io.IOException: An existing connection was forcibly closed by the remote host], siblings=[], style=Style{hasParent=false, color=null, bold=null, italic=null, underlined=null, obfuscated=null, clickEvent=null, hoverEvent=null, insertion=null}}
[16:59:05] [Server thread/INFO]: Deathstroke7 left the game
[16:59:22] [Server thread/WARN]: Can't keep up! Did the system time change, or is the server overloaded? Running 33599ms behind, skipping 671 tick(s)
[16:59:25] [Server thread/WARN]: Can't keep up! Did the system time change, or is the server overloaded? Running 3479ms behind, skipping 69 tick(s)
[16:59:42] [Server thread/INFO]: Deathstroke7[/172.16.50.75:64419] logged in with entity id 27215 at (-676.4357288059349, 76.24918707874468, 583.1867430518773)
[16:59:42] [Server thread/INFO]: Deathstroke7 joined the game
[16:59:49] [Server thread/WARN]: Can't keep up! Did the system time change, or is the server overloaded? Running 7731ms behind, skipping 154 tick(s)
[16:59:51] [Server thread/INFO]: Deathstroke7 lost connection: TextComponent{text='Disconnected', siblings=[], style=Style{hasParent=false, color=null, bold=null, italic=null, underlined=null, obfuscated=null, clickEvent=null, hoverEvent=null, insertion=null}}
[16:59:51] [Server thread/INFO]: Deathstroke7 left the game
[17:00:13] [Server thread/WARN]: Can't keep up! Did the system time change, or is the server overloaded? Running 15894ms behind, skipping 317 tick(s)
[17:00:16] [Server thread/WARN]: Can't keep up! Did the system time change, or is the server overloaded? Running 2903ms behind, skipping 58 tick(s)
[17:02:08] [Server thread/INFO]: Deathstroke7[/172.16.50.75:64478] logged in with entity id 27292 at (-676.4357288059349, 75.10408037809304, 583.1867430518773)
[17:02:08] [Server thread/INFO]: Deathstroke7 joined the game
[17:02:14] [Server thread/WARN]: Can't keep up! Did the system time change, or is the server overloaded? Running 5346ms behind, skipping 106 tick(s)
[17:03:13] [Server thread/WARN]: Can't keep up! Did the system time change, or is the server overloaded? Running 40077ms behind, skipping 801 tick(s)
[17:03:17] [Server thread/WARN]: Can't keep up! Did the system time change, or is the server overloaded? Running 4583ms behind, skipping 91 tick(s)
[17:03:57] [Server thread/WARN]: Can't keep up! Did the system time change, or is the server overloaded? Running 24740ms behind, skipping 494 tick(s)
[17:04:03] [Server thread/WARN]: Can't keep up! Did the system time change, or is the server overloaded? Running 5544ms behind, skipping 110 tick(s)
[17:04:10] [Server thread/WARN]: Keeping entity Zombie that already exists with UUID 962bed5c-92a3-4190-bf5d-d49633d9b6d8
[17:05:12] [Server thread/WARN]: Can't keep up! Did the system time change, or is the server overloaded? Running 44249ms behind, skipping 884 tick(s)
[17:05:15] [Server thread/WARN]: Can't keep up! Did the system time change, or is the server overloaded? Running 3273ms behind, skipping 65 tick(s)
[17:05:44] [Server thread/WARN]: Can't keep up! Did the system time change, or is the server overloaded? Running 14964ms behind, skipping 299 tick(s)
[17:05:54] [Server thread/WARN]: Can't keep up! Did the system time change, or is the server overloaded? Running 6036ms behind, skipping 120 tick(s)
[17:06:29] [Server thread/WARN]: Can't keep up! Did the system time change, or is the server overloaded? Running 20300ms behind, skipping 406 tick(s)
[17:06:30] [Server thread/INFO]: Deathstroke7 lost connection: TranslatableComponent{key='disconnect.genericReason', args=[Internal Exception: java.io.IOException: An existing connection was forcibly closed by the remote host], siblings=[], style=Style{hasParent=false, color=null, bold=null, italic=null, underlined=null, obfuscated=null, clickEvent=null, hoverEvent=null, insertion=null}}
[17:06:30] [Server thread/INFO]: Deathstroke7 left the game
[17:06:36] [Server thread/WARN]: Can't keep up! Did the system time change, or is the server overloaded? Running 6837ms behind, skipping 136 tick(s)
[17:06:52] [Server thread/INFO]: Deathstroke7[/172.16.50.75:64556] logged in with entity id 31096 at (-652.8364796998677, 65.0, 570.1207696149645)
[17:06:52] [Server thread/INFO]: Deathstroke7 joined the game
[17:06:57] [Server thread/WARN]: Can't keep up! Did the system time change, or is the server overloaded? Running 11305ms behind, skipping 226 tick(s)
[17:07:13] [Server thread/WARN]: Can't keep up! Did the system time change, or is the server overloaded? Running 8115ms behind, skipping 162 tick(s)
[17:07:29] [Server thread/WARN]: Keeping entity Zombie that already exists with UUID 962bed5c-92a3-4190-bf5d-d49633d9b6d8
[17:07:31] [Server thread/WARN]: Can't keep up! Did the system time change, or is the server overloaded? Running 9687ms behind, skipping 193 tick(s)
[17:08:21] [Server thread/WARN]: Can't keep up! Did the system time change, or is the server overloaded? Running 34843ms behind, skipping 696 tick(s)
[17:08:26] [Server thread/WARN]: Can't keep up! Did the system time change, or is the server overloaded? Running 4940ms behind, skipping 98 tick(s)
[17:08:54] [Server thread/WARN]: Can't keep up! Did the system time change, or is the server overloaded? Running 17261ms behind, skipping 345 tick(s)
[17:08:57] [Server thread/WARN]: Can't keep up! Did the system time change, or is the server overloaded? Running 3329ms behind, skipping 66 tick(s)
[17:09:24] [Server thread/WARN]: Can't keep up! Did the system time change, or is the server overloaded? Running 7579ms behind, skipping 151 tick(s)
[17:11:15] [Server thread/INFO]: diddypod[/172.16.48.232:50582] logged in with entity id 34629 at (-602.5, 75.0, 593.5)
[17:11:15] [Server thread/INFO]: diddypod joined the game
[17:11:15] [Server thread/WARN]: Keeping entity Pig that already exists with UUID 4a339d57-2b76-4fde-9c25-be7d48459c50
[17:11:28] [Server thread/INFO]: [Deathstroke7: Teleported Deathstroke7 to diddypod]
[17:11:41] [Server thread/INFO]: <Deathstroke7> hi!
[17:11:47] [Server thread/INFO]: <Deathstroke7> who are you?
[17:12:00] [Server thread/INFO]: <Deathstroke7> press t to type
[17:12:11] [Server thread/INFO]: <diddypod> Hi
[17:12:19] [Server thread/INFO]: <diddypod> Suchit here
[17:12:27] [Server thread/INFO]: <Deathstroke7> cool
[17:12:29] [Server thread/INFO]: TOS[/172.16.115.145:59165] logged in with entity id 37768 at (-678.4686920018438, 75.0, 514.5835182687945)
[17:12:29] [Server thread/INFO]: TOS joined the game
[17:12:31] [Server thread/WARN]: Keeping entity Chicken that already exists with UUID 5b1d9564-e102-4b7a-a167-a7a55ba4da44
[17:12:31] [Server thread/WARN]: Keeping entity Zombie that already exists with UUID 962bed5c-92a3-4190-bf5d-d49633d9b6d8
[17:12:45] [Server thread/INFO]: <Deathstroke7> soni tp to me
[17:12:58] [Server thread/WARN]: Can't keep up! Did the system time change, or is the server overloaded? Running 2510ms behind, skipping 50 tick(s)
[17:13:08] [Server thread/INFO]: <TOS> Deathstroke7, TS
[17:13:16] [Server thread/INFO]: [Deathstroke7: Teleported Deathstroke7 to TOS]
[17:13:18] [Server thread/WARN]: Can't keep up! Did the system time change, or is the server overloaded? Running 4759ms behind, skipping 95 tick(s)
[17:13:18] [Server thread/INFO]: <TOS> I have things to tell you
[17:13:20] [Server thread/INFO]: <Deathstroke7> ok
[17:13:37] [Server thread/WARN]: Keeping entity Pig that already exists with UUID 6c0f170e-0dd8-41cb-bb65-a220ff4b63fc
[17:13:38] [Server thread/WARN]: Can't keep up! Did the system time change, or is the server overloaded? Running 5787ms behind, skipping 115 tick(s)
[17:13:54] [Server thread/INFO]: diddypod has just earned the achievement [Taking Inventory]
[17:13:57] [Server thread/WARN]: Can't keep up! Did the system time change, or is the server overloaded? Running 6554ms behind, skipping 131 tick(s)
[17:14:19] [Server thread/WARN]: Can't keep up! Did the system time change, or is the server overloaded? Running 11767ms behind, skipping 235 tick(s)
[17:14:34] [Server thread/WARN]: Can't keep up! Did the system time change, or is the server overloaded? Running 10085ms behind, skipping 201 tick(s)
[17:15:02] [Server thread/WARN]: Can't keep up! Did the system time change, or is the server overloaded? Running 14589ms behind, skipping 291 tick(s)
[17:15:08] [Server thread/WARN]: Can't keep up! Did the system time change, or is the server overloaded? Running 3405ms behind, skipping 68 tick(s)
[17:15:33] [Server thread/WARN]: Can't keep up! Did the system time change, or is the server overloaded? Running 8993ms behind, skipping 179 tick(s)
[17:15:48] [Server thread/WARN]: Can't keep up! Did the system time change, or is the server overloaded? Running 5396ms behind, skipping 107 tick(s)
[17:16:03] [Server thread/WARN]: Can't keep up! Did the system time change, or is the server overloaded? Running 4263ms behind, skipping 85 tick(s)
[17:16:19] [Server thread/WARN]: Can't keep up! Did the system time change, or is the server overloaded? Running 3684ms behind, skipping 73 tick(s)
[17:16:38] [Server thread/WARN]: Can't keep up! Did the system time change, or is the server overloaded? Running 6053ms behind, skipping 121 tick(s)
[17:16:57] [Server thread/WARN]: Can't keep up! Did the system time change, or is the server overloaded? Running 6770ms behind, skipping 135 tick(s)
[17:17:09] [Server thread/WARN]: Can't keep up! Did the system time change, or is the server overloaded? Running 2433ms behind, skipping 48 tick(s)
[17:17:12] [Server thread/INFO]: <Deathstroke7> i know :)
[17:17:15] [Server thread/INFO]: <TOS> Deathstroke7 give the book back you noob
[17:17:19] [Server thread/INFO]: <Deathstroke7> i did
[17:17:24] [Server thread/WARN]: Can't keep up! Did the system time change, or is the server overloaded? Running 2055ms behind, skipping 41 tick(s)
[17:17:53] [Server thread/INFO]: <TOS> Deathstroke7, remove the helmet
[17:18:02] [Server thread/WARN]: Can't keep up! Did the system time change, or is the server overloaded? Running 2796ms behind, skipping 55 tick(s)
[17:18:04] [Server thread/INFO]: <Deathstroke7> why? i like it
[17:18:19] [Server thread/WARN]: Can't keep up! Did the system time change, or is the server overloaded? Running 2801ms behind, skipping 56 tick(s)
[17:18:48] [Server thread/WARN]: Can't keep up! Did the system time change, or is the server overloaded? Running 2625ms behind, skipping 52 tick(s)
[17:19:27] [Server thread/WARN]: Can't keep up! Did the system time change, or is the server overloaded? Running 2073ms behind, skipping 41 tick(s)
[17:19:46] [Server thread/WARN]: Can't keep up! Did the system time change, or is the server overloaded? Running 3912ms behind, skipping 78 tick(s)
[17:20:20] [Server thread/WARN]: Can't keep up! Did the system time change, or is the server overloaded? Running 2279ms behind, skipping 45 tick(s)
[17:20:28] [Server thread/INFO]: <Deathstroke7> i gave you potato
[17:20:39] [Server thread/WARN]: Can't keep up! Did the system time change, or is the server overloaded? Running 4282ms behind, skipping 85 tick(s)
[17:20:59] [Server thread/WARN]: Can't keep up! Did the system time change, or is the server overloaded? Running 2064ms behind, skipping 41 tick(s)
[17:21:03] [Server thread/INFO]: <Deathstroke7> yes
[17:21:53] [Server thread/WARN]: Can't keep up! Did the system time change, or is the server overloaded? Running 2067ms behind, skipping 41 tick(s)
[17:22:09] [Server thread/WARN]: Can't keep up! Did the system time change, or is the server overloaded? Running 3117ms behind, skipping 62 tick(s)
[17:22:31] [Server thread/WARN]: Can't keep up! Did the system time change, or is the server overloaded? Running 2207ms behind, skipping 44 tick(s)
[17:22:55] [Server thread/WARN]: Can't keep up! Did the system time change, or is the server overloaded? Running 5931ms behind, skipping 118 tick(s)
[17:23:08] [Server thread/WARN]: Can't keep up! Did the system time change, or is the server overloaded? Running 3613ms behind, skipping 72 tick(s)
[17:23:24] [Server thread/WARN]: Can't keep up! Did the system time change, or is the server overloaded? Running 3653ms behind, skipping 73 tick(s)
[17:23:48] [Server thread/WARN]: Can't keep up! Did the system time change, or is the server overloaded? Running 10961ms behind, skipping 219 tick(s)
[17:24:06] [Server thread/WARN]: Can't keep up! Did the system time change, or is the server overloaded? Running 9628ms behind, skipping 192 tick(s)
[17:24:26] [Server thread/WARN]: Can't keep up! Did the system time change, or is the server overloaded? Running 10493ms behind, skipping 209 tick(s)
[17:24:40] [Server thread/WARN]: Can't keep up! Did the system time change, or is the server overloaded? Running 6959ms behind, skipping 139 tick(s)
[17:25:13] [Server thread/WARN]: Can't keep up! Did the system time change, or is the server overloaded? Running 15163ms behind, skipping 303 tick(s)
[17:25:16] [Server thread/WARN]: Can't keep up! Did the system time change, or is the server overloaded? Running 2946ms behind, skipping 58 tick(s)
[17:25:37] [Server thread/WARN]: Can't keep up! Did the system time change, or is the server overloaded? Running 8529ms behind, skipping 170 tick(s)
[17:25:39] [Server thread/WARN]: Keeping entity Pig that already exists with UUID 4a339d57-2b76-4fde-9c25-be7d48459c50
[17:25:42] [Server thread/WARN]: Keeping entity Pig that already exists with UUID 6c0f170e-0dd8-41cb-bb65-a220ff4b63fc
[17:25:54] [Server thread/WARN]: Can't keep up! Did the system time change, or is the server overloaded? Running 6486ms behind, skipping 129 tick(s)
[17:26:14] [Server thread/WARN]: Can't keep up! Did the system time change, or is the server overloaded? Running 9185ms behind, skipping 183 tick(s)
[17:26:20] [Server thread/WARN]: Keeping entity Pig that already exists with UUID 6c0f170e-0dd8-41cb-bb65-a220ff4b63fc
[17:26:31] [Server thread/WARN]: Can't keep up! Did the system time change, or is the server overloaded? Running 8524ms behind, skipping 170 tick(s)
[17:26:46] [Server thread/WARN]: Can't keep up! Did the system time change, or is the server overloaded? Running 4983ms behind, skipping 99 tick(s)
[17:27:02] [Server thread/WARN]: Can't keep up! Did the system time change, or is the server overloaded? Running 5576ms behind, skipping 111 tick(s)
[17:27:25] [Server thread/WARN]: Can't keep up! Did the system time change, or is the server overloaded? Running 10379ms behind, skipping 207 tick(s)
[17:27:44] [Server thread/WARN]: Can't keep up! Did the system time change, or is the server overloaded? Running 9087ms behind, skipping 181 tick(s)
[17:28:00] [Server thread/WARN]: Can't keep up! Did the system time change, or is the server overloaded? Running 7037ms behind, skipping 140 tick(s)
[17:28:21] [Server thread/WARN]: Can't keep up! Did the system time change, or is the server overloaded? Running 10240ms behind, skipping 204 tick(s)
[17:28:27] [Server thread/INFO]: diddypod has just earned the achievement [Getting Wood]
[17:28:30] [Server thread/WARN]: Can't keep up! Did the system time change, or is the server overloaded? Running 2281ms behind, skipping 45 tick(s)
[17:28:52] [Server thread/WARN]: Keeping entity Pig that already exists with UUID 6c0f170e-0dd8-41cb-bb65-a220ff4b63fc
[17:28:58] [Server thread/WARN]: Can't keep up! Did the system time change, or is the server overloaded? Running 2007ms behind, skipping 40 tick(s)
[17:29:19] [Server thread/WARN]: Can't keep up! Did the system time change, or is the server overloaded? Running 4586ms behind, skipping 91 tick(s)
[17:29:38] [Server thread/WARN]: Can't keep up! Did the system time change, or is the server overloaded? Running 4377ms behind, skipping 87 tick(s)
[17:29:43] [Server thread/WARN]: Keeping entity Chicken that already exists with UUID 5b1d9564-e102-4b7a-a167-a7a55ba4da44
[17:29:53] [Server thread/WARN]: Can't keep up! Did the system time change, or is the server overloaded? Running 3278ms behind, skipping 65 tick(s)
[17:30:10] [Server thread/WARN]: Can't keep up! Did the system time change, or is the server overloaded? Running 4338ms behind, skipping 86 tick(s)
[17:30:25] [Server thread/WARN]: Can't keep up! Did the system time change, or is the server overloaded? Running 2433ms behind, skipping 48 tick(s)
[17:30:44] [Server thread/WARN]: Can't keep up! Did the system time change, or is the server overloaded? Running 3014ms behind, skipping 60 tick(s)
[17:31:01] [Server thread/WARN]: Can't keep up! Did the system time change, or is the server overloaded? Running 2499ms behind, skipping 49 tick(s)
[17:31:19] [Server thread/WARN]: Can't keep up! Did the system time change, or is the server overloaded? Running 4465ms behind, skipping 89 tick(s)
[17:31:59] [Server thread/WARN]: Can't keep up! Did the system time change, or is the server overloaded? Running 2532ms behind, skipping 50 tick(s)
[17:32:18] [Server thread/WARN]: Can't keep up! Did the system time change, or is the server overloaded? Running 6289ms behind, skipping 125 tick(s)
[17:33:33] [Server thread/WARN]: Can't keep up! Did the system time change, or is the server overloaded? Running 2417ms behind, skipping 48 tick(s)
[17:33:50] [Server thread/INFO]: diddypod has just earned the achievement [Benchmarking]
[17:33:50] [Server thread/WARN]: Can't keep up! Did the system time change, or is the server overloaded? Running 3443ms behind, skipping 68 tick(s)
[17:34:06] [Server thread/WARN]: Can't keep up! Did the system time change, or is the server overloaded? Running 2160ms behind, skipping 43 tick(s)
[17:34:25] [Server thread/WARN]: Can't keep up! Did the system time change, or is the server overloaded? Running 3745ms behind, skipping 74 tick(s)
[17:34:44] [Server thread/WARN]: Can't keep up! Did the system time change, or is the server overloaded? Running 6606ms behind, skipping 132 tick(s)
[17:34:57] [Server thread/WARN]: Can't keep up! Did the system time change, or is the server overloaded? Running 2375ms behind, skipping 47 tick(s)
[17:35:12] [Server thread/WARN]: Can't keep up! Did the system time change, or is the server overloaded? Running 2465ms behind, skipping 49 tick(s)
[17:35:30] [Server thread/WARN]: Can't keep up! Did the system time change, or is the server overloaded? Running 3798ms behind, skipping 75 tick(s)
[17:35:46] [Server thread/WARN]: Can't keep up! Did the system time change, or is the server overloaded? Running 2823ms behind, skipping 56 tick(s)
[17:36:04] [Server thread/WARN]: Can't keep up! Did the system time change, or is the server overloaded? Running 5153ms behind, skipping 103 tick(s)
[17:36:18] [Server thread/WARN]: Can't keep up! Did the system time change, or is the server overloaded? Running 3935ms behind, skipping 78 tick(s)
[17:36:34] [Server thread/WARN]: Can't keep up! Did the system time change, or is the server overloaded? Running 2603ms behind, skipping 52 tick(s)
[17:36:50] [Server thread/INFO]: diddypod has just earned the achievement [Time to Mine!]
[17:37:18] [Server thread/WARN]: Can't keep up! Did the system time change, or is the server overloaded? Running 2044ms behind, skipping 40 tick(s)
[17:37:38] [Server thread/WARN]: Can't keep up! Did the system time change, or is the server overloaded? Running 5860ms behind, skipping 117 tick(s)
[17:37:58] [Server thread/WARN]: Can't keep up! Did the system time change, or is the server overloaded? Running 4553ms behind, skipping 91 tick(s)
[17:38:16] [Server thread/WARN]: Can't keep up! Did the system time change, or is the server overloaded? Running 5021ms behind, skipping 100 tick(s)
[17:38:29] [Server thread/WARN]: Can't keep up! Did the system time change, or is the server overloaded? Running 3061ms behind, skipping 61 tick(s)
[17:38:48] [Server thread/WARN]: Can't keep up! Did the system time change, or is the server overloaded? Running 3826ms behind, skipping 76 tick(s)
[17:38:59] [Server thread/INFO]: NischayPro[/172.16.119.111:51345] logged in with entity id 89799 at (-643.8381880835616, 82.0, 566.233253228471)
[17:38:59] [Server thread/INFO]: NischayPro joined the game
[17:39:02] [Server thread/INFO]: NischayPro lost connection: TranslatableComponent{key='disconnect.genericReason', args=[Internal Exception: java.io.IOException: An existing connection was forcibly closed by the remote host], siblings=[], style=Style{hasParent=false, color=null, bold=null, italic=null, underlined=null, obfuscated=null, clickEvent=null, hoverEvent=null, insertion=null}}
[17:39:02] [Server thread/INFO]: NischayPro left the game
[17:39:10] [Server thread/WARN]: Can't keep up! Did the system time change, or is the server overloaded? Running 3004ms behind, skipping 60 tick(s)
[17:39:14] [Server thread/WARN]: Keeping entity Zombie that already exists with UUID 962bed5c-92a3-4190-bf5d-d49633d9b6d8
[17:39:38] [Server thread/INFO]: NischayPro[/172.16.119.111:51405] logged in with entity id 90649 at (-643.8381880835616, 82.0, 566.233253228471)
[17:39:38] [Server thread/INFO]: NischayPro joined the game
[17:39:42] [Server thread/INFO]: NischayPro lost connection: TranslatableComponent{key='disconnect.genericReason', args=[Internal Exception: java.io.IOException: An existing connection was forcibly closed by the remote host], siblings=[], style=Style{hasParent=false, color=null, bold=null, italic=null, underlined=null, obfuscated=null, clickEvent=null, hoverEvent=null, insertion=null}}
[17:39:42] [Server thread/INFO]: NischayPro left the game
[17:40:06] [Server thread/WARN]: Can't keep up! Did the system time change, or is the server overloaded? Running 29498ms behind, skipping 589 tick(s)
[17:40:11] [Server thread/WARN]: Can't keep up! Did the system time change, or is the server overloaded? Running 4494ms behind, skipping 89 tick(s)
[17:40:33] [Server thread/WARN]: Can't keep up! Did the system time change, or is the server overloaded? Running 11030ms behind, skipping 220 tick(s)
[17:40:42] [Server thread/WARN]: Can't keep up! Did the system time change, or is the server overloaded? Running 3507ms behind, skipping 70 tick(s)
[17:40:43] [Server thread/INFO]: NischayPro[/172.16.119.111:51520] logged in with entity id 91958 at (-643.8381880835616, 82.0, 566.233253228471)
[17:40:43] [Server thread/INFO]: NischayPro joined the game
[17:40:47] [Server thread/INFO]: NischayPro lost connection: TranslatableComponent{key='disconnect.genericReason', args=[Internal Exception: java.io.IOException: An existing connection was forcibly closed by the remote host], siblings=[], style=Style{hasParent=false, color=null, bold=null, italic=null, underlined=null, obfuscated=null, clickEvent=null, hoverEvent=null, insertion=null}}
[17:40:47] [Server thread/INFO]: NischayPro left the game
[17:40:57] [Server thread/WARN]: Can't keep up! Did the system time change, or is the server overloaded? Running 2605ms behind, skipping 52 tick(s)
[17:41:14] [Server thread/WARN]: Can't keep up! Did the system time change, or is the server overloaded? Running 3011ms behind, skipping 60 tick(s)
[17:41:29] [Server thread/WARN]: Can't keep up! Did the system time change, or is the server overloaded? Running 3102ms behind, skipping 62 tick(s)
[17:41:49] [Server thread/WARN]: Can't keep up! Did the system time change, or is the server overloaded? Running 6966ms behind, skipping 139 tick(s)
[17:41:50] [Server thread/INFO]: NischayPro[/172.16.119.111:51594] logged in with entity id 94310 at (-643.8381880835616, 82.0, 566.233253228471)
[17:41:50] [Server thread/INFO]: NischayPro joined the game
[17:41:55] [Server thread/INFO]: NischayPro lost connection: TranslatableComponent{key='disconnect.genericReason', args=[Internal Exception: java.io.IOException: An existing connection was forcibly closed by the remote host], siblings=[], style=Style{hasParent=false, color=null, bold=null, italic=null, underlined=null, obfuscated=null, clickEvent=null, hoverEvent=null, insertion=null}}
[17:41:55] [Server thread/INFO]: NischayPro left the game
[17:42:12] [Server thread/WARN]: Can't keep up! Did the system time change, or is the server overloaded? Running 13592ms behind, skipping 271 tick(s)
[17:42:22] [Server thread/WARN]: Can't keep up! Did the system time change, or is the server overloaded? Running 6520ms behind, skipping 130 tick(s)
[17:42:44] [Server thread/WARN]: Can't keep up! Did the system time change, or is the server overloaded? Running 11732ms behind, skipping 234 tick(s)
[17:42:56] [Server thread/WARN]: Can't keep up! Did the system time change, or is the server overloaded? Running 5650ms behind, skipping 113 tick(s)
[17:43:11] [Server thread/WARN]: Can't keep up! Did the system time change, or is the server overloaded? Running 2170ms behind, skipping 43 tick(s)
[17:43:26] [Server thread/WARN]: Can't keep up! Did the system time change, or is the server overloaded? Running 2033ms behind, skipping 40 tick(s)
[17:43:45] [Server thread/WARN]: Can't keep up! Did the system time change, or is the server overloaded? Running 5620ms behind, skipping 112 tick(s)
[17:44:18] [Server thread/WARN]: Can't keep up! Did the system time change, or is the server overloaded? Running 15341ms behind, skipping 306 tick(s)
[17:44:22] [Server thread/WARN]: Can't keep up! Did the system time change, or is the server overloaded? Running 3579ms behind, skipping 71 tick(s)
[17:44:46] [Server thread/WARN]: Can't keep up! Did the system time change, or is the server overloaded? Running 9128ms behind, skipping 182 tick(s)
[17:44:57] [Server thread/WARN]: Can't keep up! Did the system time change, or is the server overloaded? Running 2969ms behind, skipping 59 tick(s)
[17:45:17] [Server thread/WARN]: Can't keep up! Did the system time change, or is the server overloaded? Running 6875ms behind, skipping 137 tick(s)
[17:45:24] [Server thread/INFO]: [TOS: Teleported TOS to Deathstroke7]
[17:45:28] [Server thread/INFO]: diddypod has just earned the achievement [Time to Farm!]
[17:45:29] [Server thread/WARN]: Can't keep up! Did the system time change, or is the server overloaded? Running 2563ms behind, skipping 51 tick(s)
[17:45:35] [Server thread/INFO]: diddypod has just earned the achievement [Getting an Upgrade]
[17:45:49] [Server thread/WARN]: Can't keep up! Did the system time change, or is the server overloaded? Running 5112ms behind, skipping 102 tick(s)
[17:46:06] [Server thread/WARN]: Can't keep up! Did the system time change, or is the server overloaded? Running 4641ms behind, skipping 92 tick(s)
[17:46:23] [Server thread/WARN]: Can't keep up! Did the system time change, or is the server overloaded? Running 4043ms behind, skipping 80 tick(s)
[17:46:28] [Server thread/INFO]: NischayPro[/172.16.119.111:51763] logged in with entity id 103974 at (-643.8381880835616, 82.0, 566.233253228471)
[17:46:28] [Server thread/INFO]: NischayPro joined the game
[17:46:32] [Server thread/INFO]: NischayPro lost connection: TranslatableComponent{key='disconnect.genericReason', args=[Internal Exception: java.io.IOException: An existing connection was forcibly closed by the remote host], siblings=[], style=Style{hasParent=false, color=null, bold=null, italic=null, underlined=null, obfuscated=null, clickEvent=null, hoverEvent=null, insertion=null}}
[17:46:32] [Server thread/INFO]: NischayPro left the game
[17:46:42] [Server thread/WARN]: Can't keep up! Did the system time change, or is the server overloaded? Running 4442ms behind, skipping 88 tick(s)
[17:46:57] [Server thread/WARN]: Can't keep up! Did the system time change, or is the server overloaded? Running 4499ms behind, skipping 89 tick(s)
[17:47:12] [Server thread/WARN]: Can't keep up! Did the system time change, or is the server overloaded? Running 4030ms behind, skipping 80 tick(s)
[17:47:46] [Server thread/WARN]: Can't keep up! Did the system time change, or is the server overloaded? Running 15481ms behind, skipping 309 tick(s)
[17:47:49] [Server thread/WARN]: Can't keep up! Did the system time change, or is the server overloaded? Running 3025ms behind, skipping 60 tick(s)
[17:48:14] [Server thread/WARN]: Can't keep up! Did the system time change, or is the server overloaded? Running 9484ms behind, skipping 189 tick(s)
[17:48:31] [Server thread/WARN]: Can't keep up! Did the system time change, or is the server overloaded? Running 8048ms behind, skipping 160 tick(s)
[17:48:42] [Server thread/INFO]: NischayPro1[/172.16.119.111:51873] logged in with entity id 107440 at (-590.5, 75.0, 610.5)
[17:48:42] [Server thread/INFO]: NischayPro1 joined the game
[17:48:44] [Server thread/WARN]: Keeping entity Pig that already exists with UUID 4a339d57-2b76-4fde-9c25-be7d48459c50
[17:48:45] [Server thread/INFO]: NischayPro1 lost connection: TranslatableComponent{key='disconnect.genericReason', args=[Internal Exception: java.io.IOException: An existing connection was forcibly closed by the remote host], siblings=[], style=Style{hasParent=false, color=null, bold=null, italic=null, underlined=null, obfuscated=null, clickEvent=null, hoverEvent=null, insertion=null}}
[17:48:45] [Server thread/INFO]: NischayPro1 left the game
[17:48:47] [Server thread/WARN]: Can't keep up! Did the system time change, or is the server overloaded? Running 8991ms behind, skipping 179 tick(s)
[17:49:02] [Server thread/WARN]: Can't keep up! Did the system time change, or is the server overloaded? Running 7658ms behind, skipping 153 tick(s)
[17:49:08] [Server thread/WARN]: Keeping entity Pig that already exists with UUID 6c0f170e-0dd8-41cb-bb65-a220ff4b63fc
[17:49:19] [Server thread/WARN]: Can't keep up! Did the system time change, or is the server overloaded? Running 7061ms behind, skipping 141 tick(s)
[17:49:36] [Server thread/WARN]: Can't keep up! Did the system time change, or is the server overloaded? Running 5355ms behind, skipping 107 tick(s)
[17:49:37] [Server thread/WARN]: Keeping entity Pig that already exists with UUID 6c0f170e-0dd8-41cb-bb65-a220ff4b63fc
[17:49:44] [Server thread/WARN]: Keeping entity Chicken that already exists with UUID 5b1d9564-e102-4b7a-a167-a7a55ba4da44
[17:49:48] [Server thread/WARN]: Keeping entity Sheep that already exists with UUID 71f48d83-a970-4797-aadb-f0b8b4fdbc07
[17:49:48] [Server thread/WARN]: Keeping entity Pig that already exists with UUID 7901a9c9-e069-4a1b-835f-2dca0ae3b84d
[17:49:53] [Server thread/WARN]: Can't keep up! Did the system time change, or is the server overloaded? Running 5330ms behind, skipping 106 tick(s)
[17:50:09] [Server thread/WARN]: Can't keep up! Did the system time change, or is the server overloaded? Running 4387ms behind, skipping 87 tick(s)
[17:50:10] [Server thread/WARN]: Keeping entity Sheep that already exists with UUID 71f48d83-a970-4797-aadb-f0b8b4fdbc07
[17:50:10] [Server thread/WARN]: Keeping entity Pig that already exists with UUID 7901a9c9-e069-4a1b-835f-2dca0ae3b84d
[17:50:22] [Server thread/WARN]: Can't keep up! Did the system time change, or is the server overloaded? Running 2492ms behind, skipping 49 tick(s)
[17:50:39] [Server thread/WARN]: Can't keep up! Did the system time change, or is the server overloaded? Running 2076ms behind, skipping 41 tick(s)
[17:51:00] [Server thread/WARN]: Keeping entity Sheep that already exists with UUID 71f48d83-a970-4797-aadb-f0b8b4fdbc07
[17:51:00] [Server thread/WARN]: Keeping entity Pig that already exists with UUID 7901a9c9-e069-4a1b-835f-2dca0ae3b84d
[17:51:04] [Server thread/WARN]: Can't keep up! Did the system time change, or is the server overloaded? Running 8405ms behind, skipping 168 tick(s)
[17:51:19] [Server thread/WARN]: Can't keep up! Did the system time change, or is the server overloaded? Running 4370ms behind, skipping 87 tick(s)
[17:51:32] [Server thread/WARN]: Can't keep up! Did the system time change, or is the server overloaded? Running 2525ms behind, skipping 50 tick(s)
[17:51:55] [Server thread/WARN]: Can't keep up! Did the system time change, or is the server overloaded? Running 9024ms behind, skipping 180 tick(s)
[17:52:10] [Server thread/WARN]: Keeping entity Sheep that already exists with UUID 71f48d83-a970-4797-aadb-f0b8b4fdbc07
[17:52:10] [Server thread/WARN]: Keeping entity Pig that already exists with UUID 7901a9c9-e069-4a1b-835f-2dca0ae3b84d
[17:52:11] [Server thread/WARN]: Keeping entity Pig that already exists with UUID 6c0f170e-0dd8-41cb-bb65-a220ff4b63fc
[17:52:11] [Server thread/WARN]: Keeping entity Pig that already exists with UUID 4a339d57-2b76-4fde-9c25-be7d48459c50
[17:52:14] [Server thread/WARN]: Can't keep up! Did the system time change, or is the server overloaded? Running 10914ms behind, skipping 218 tick(s)
[17:52:31] [Server thread/INFO]: NischayPro[/172.16.119.111:52049] logged in with entity id 115299 at (-643.8381880835616, 82.0, 566.233253228471)
[17:52:31] [Server thread/INFO]: NischayPro joined the game
[17:52:35] [Server thread/INFO]: NischayPro lost connection: TranslatableComponent{key='disconnect.genericReason', args=[Internal Exception: java.io.IOException: An existing connection was forcibly closed by the remote host], siblings=[], style=Style{hasParent=false, color=null, bold=null, italic=null, underlined=null, obfuscated=null, clickEvent=null, hoverEvent=null, insertion=null}}
[17:52:35] [Server thread/INFO]: NischayPro left the game
[17:52:42] [Server thread/WARN]: Can't keep up! Did the system time change, or is the server overloaded? Running 16061ms behind, skipping 321 tick(s)
[17:52:46] [Server thread/WARN]: Can't keep up! Did the system time change, or is the server overloaded? Running 3608ms behind, skipping 72 tick(s)
[17:53:40] [Server thread/WARN]: Can't keep up! Did the system time change, or is the server overloaded? Running 28039ms behind, skipping 560 tick(s)
[17:53:44] [Server thread/WARN]: Can't keep up! Did the system time change, or is the server overloaded? Running 3955ms behind, skipping 79 tick(s)
[17:53:48] [Server thread/INFO]: NischayPro[/172.16.119.111:52110] logged in with entity id 116750 at (-643.8381880835616, 82.0, 566.233253228471)
[17:53:48] [Server thread/INFO]: NischayPro joined the game
[17:53:51] [Server thread/WARN]: Keeping entity Sheep that already exists with UUID 71f48d83-a970-4797-aadb-f0b8b4fdbc07
[17:53:51] [Server thread/WARN]: Keeping entity Pig that already exists with UUID 7901a9c9-e069-4a1b-835f-2dca0ae3b84d
[17:53:51] [Server thread/WARN]: Keeping entity Pig that already exists with UUID 6c0f170e-0dd8-41cb-bb65-a220ff4b63fc
[17:53:51] [Server thread/WARN]: Keeping entity Pig that already exists with UUID 4a339d57-2b76-4fde-9c25-be7d48459c50
[17:53:52] [Server thread/INFO]: NischayPro lost connection: TranslatableComponent{key='disconnect.genericReason', args=[Internal Exception: java.io.IOException: An existing connection was forcibly closed by the remote host], siblings=[], style=Style{hasParent=false, color=null, bold=null, italic=null, underlined=null, obfuscated=null, clickEvent=null, hoverEvent=null, insertion=null}}
[17:53:52] [Server thread/INFO]: NischayPro left the game
[17:54:06] [Server thread/WARN]: Can't keep up! Did the system time change, or is the server overloaded? Running 10849ms behind, skipping 216 tick(s)
[17:54:33] [Server thread/INFO]: Deathstroke7 fell out of the world
[17:54:33] [Server thread/INFO]: [TOS: Killed Deathstroke7]
[17:54:35] [Server thread/WARN]: Can't keep up! Did the system time change, or is the server overloaded? Running 16527ms behind, skipping 330 tick(s)
[17:54:39] [Server thread/WARN]: diddypod moved too quickly! 3.4698515902484814,0.0,9.500411972793927
[17:54:41] [Server thread/INFO]: NischayPro[/172.16.119.111:52165] logged in with entity id 118170 at (-643.8381880835616, 82.0, 566.233253228471)
[17:54:41] [Server thread/INFO]: NischayPro joined the game
[17:54:42] [Server thread/WARN]: Can't keep up! Did the system time change, or is the server overloaded? Running 6627ms behind, skipping 132 tick(s)
[17:54:42] [Server thread/WARN]: Keeping entity Pig that already exists with UUID 6c0f170e-0dd8-41cb-bb65-a220ff4b63fc
[17:54:42] [Server thread/WARN]: Keeping entity Pig that already exists with UUID 4a339d57-2b76-4fde-9c25-be7d48459c50
[17:54:47] [Server thread/WARN]: TOS moved too quickly! -0.03964124887716025,-3.535840625044557,9.397232857571566
[17:54:47] [Server thread/WARN]: diddypod moved too quickly! 10.003889422441944,0.0,0.7925575234497728
[17:54:48] [Server thread/INFO]: NischayPro lost connection: TranslatableComponent{key='disconnect.genericReason', args=[Internal Exception: java.io.IOException: An existing connection was forcibly closed by the remote host], siblings=[], style=Style{hasParent=false, color=null, bold=null, italic=null, underlined=null, obfuscated=null, clickEvent=null, hoverEvent=null, insertion=null}}
[17:54:48] [Server thread/INFO]: NischayPro left the game
[17:54:58] [Server thread/INFO]: [Deathstroke7: Teleported Deathstroke7 to TOS]
[17:55:03] [Server thread/WARN]: Keeping entity Chicken that already exists with UUID 5b1d9564-e102-4b7a-a167-a7a55ba4da44
[17:55:14] [Server thread/WARN]: Can't keep up! Did the system time change, or is the server overloaded? Running 22321ms behind, skipping 446 tick(s)
[17:55:18] [Server thread/WARN]: Keeping entity Sheep that already exists with UUID 71f48d83-a970-4797-aadb-f0b8b4fdbc07
[17:55:18] [Server thread/WARN]: Keeping entity Pig that already exists with UUID 7901a9c9-e069-4a1b-835f-2dca0ae3b84d
[17:55:19] [Server thread/WARN]: Can't keep up! Did the system time change, or is the server overloaded? Running 5401ms behind, skipping 108 tick(s)
[17:55:24] [Server thread/INFO]: [TOS: Teleported diddypod to TOS]
[17:55:52] [Server thread/WARN]: Can't keep up! Did the system time change, or is the server overloaded? Running 14047ms behind, skipping 280 tick(s)
[17:55:53] [Server thread/INFO]: NischayPro[/172.16.119.111:52228] logged in with entity id 125129 at (-643.8381880835616, 82.0, 566.233253228471)
[17:55:53] [Server thread/INFO]: NischayPro joined the game
[17:55:57] [Server thread/INFO]: NischayPro lost connection: TranslatableComponent{key='disconnect.genericReason', args=[Internal Exception: java.io.IOException: An existing connection was forcibly closed by the remote host], siblings=[], style=Style{hasParent=false, color=null, bold=null, italic=null, underlined=null, obfuscated=null, clickEvent=null, hoverEvent=null, insertion=null}}
[17:55:57] [Server thread/INFO]: NischayPro left the game
[17:56:01] [Server thread/WARN]: Can't keep up! Did the system time change, or is the server overloaded? Running 5455ms behind, skipping 109 tick(s)
[17:56:04] [Server thread/INFO]: [TOS: Given [Stone Sword] * 1 to TOS]
[17:56:15] [Server thread/WARN]: Can't keep up! Did the system time change, or is the server overloaded? Running 2616ms behind, skipping 52 tick(s)
[17:56:33] [Server thread/WARN]: Can't keep up! Did the system time change, or is the server overloaded? Running 2005ms behind, skipping 40 tick(s)
[17:56:54] [Server thread/INFO]: TOS was slain by Deathstroke7
[17:56:57] [Server thread/WARN]: Can't keep up! Did the system time change, or is the server overloaded? Running 7759ms behind, skipping 155 tick(s)
[17:57:01] [Server thread/WARN]: Keeping entity Zombie that already exists with UUID 962bed5c-92a3-4190-bf5d-d49633d9b6d8
[17:57:10] [Server thread/WARN]: Keeping entity Pig that already exists with UUID 4a339d57-2b76-4fde-9c25-be7d48459c50
[17:57:12] [Server thread/WARN]: Can't keep up! Did the system time change, or is the server overloaded? Running 2545ms behind, skipping 50 tick(s)
[17:57:29] [Server thread/WARN]: Can't keep up! Did the system time change, or is the server overloaded? Running 3346ms behind, skipping 66 tick(s)
[17:57:44] [Server thread/WARN]: Can't keep up! Did the system time change, or is the server overloaded? Running 3039ms behind, skipping 60 tick(s)
[17:58:03] [Server thread/WARN]: Can't keep up! Did the system time change, or is the server overloaded? Running 4687ms behind, skipping 93 tick(s)
[17:58:17] [Server thread/WARN]: Can't keep up! Did the system time change, or is the server overloaded? Running 2001ms behind, skipping 40 tick(s)
[17:58:23] [Server thread/INFO]: diddypod lost connection: TextComponent{text='Disconnected', siblings=[], style=Style{hasParent=false, color=null, bold=null, italic=null, underlined=null, obfuscated=null, clickEvent=null, hoverEvent=null, insertion=null}}
[17:58:23] [Server thread/INFO]: diddypod left the game
[17:58:32] [Server thread/WARN]: Can't keep up! Did the system time change, or is the server overloaded? Running 2008ms behind, skipping 40 tick(s)
[17:59:13] [Server thread/INFO]: Deathstroke7 lost connection: TextComponent{text='Disconnected', siblings=[], style=Style{hasParent=false, color=null, bold=null, italic=null, underlined=null, obfuscated=null, clickEvent=null, hoverEvent=null, insertion=null}}
[17:59:13] [Server thread/INFO]: Deathstroke7 left the game
[17:59:25] [Server thread/WARN]: Can't keep up! Did the system time change, or is the server overloaded? Running 2202ms behind, skipping 44 tick(s)
[18:00:03] [Server thread/WARN]: Can't keep up! Did the system time change, or is the server overloaded? Running 2746ms behind, skipping 54 tick(s)
[18:00:06] [Server thread/WARN]: Keeping entity Zombie that already exists with UUID 962bed5c-92a3-4190-bf5d-d49633d9b6d8
[18:00:23] [Server thread/INFO]: NischayPro[/172.16.119.111:52555] logged in with entity id 135564 at (-643.8381880835616, 82.0, 566.233253228471)
[18:00:23] [Server thread/INFO]: NischayPro joined the game
[18:00:41] [Server thread/INFO]: NischayPro lost connection: TranslatableComponent{key='disconnect.genericReason', args=[Internal Exception: java.io.IOException: An existing connection was forcibly closed by the remote host], siblings=[], style=Style{hasParent=false, color=null, bold=null, italic=null, underlined=null, obfuscated=null, clickEvent=null, hoverEvent=null, insertion=null}}
[18:00:41] [Server thread/INFO]: NischayPro left the game
[18:01:14] [Server thread/INFO]: NischayPro[/172.16.115.145:59306] logged in with entity id 136438 at (-643.8381880835616, 82.0, 566.233253228471)
[18:01:14] [Server thread/INFO]: NischayPro joined the game
[18:01:17] [Server thread/WARN]: Can't keep up! Did the system time change, or is the server overloaded? Running 2057ms behind, skipping 41 tick(s)
[18:01:46] [Server thread/WARN]: NischayPro moved too quickly! -0.15666357854661328,0.0,10.1982153286134
[18:01:49] [Server thread/WARN]: Can't keep up! Did the system time change, or is the server overloaded? Running 15540ms behind, skipping 310 tick(s)
[18:01:52] [Server thread/WARN]: Can't keep up! Did the system time change, or is the server overloaded? Running 2345ms behind, skipping 46 tick(s)
[18:02:13] [Server thread/WARN]: Can't keep up! Did the system time change, or is the server overloaded? Running 8292ms behind, skipping 165 tick(s)
[18:02:27] [Server thread/WARN]: Can't keep up! Did the system time change, or is the server overloaded? Running 4340ms behind, skipping 86 tick(s)
[18:02:49] [Server thread/WARN]: Can't keep up! Did the system time change, or is the server overloaded? Running 10124ms behind, skipping 202 tick(s)
[18:02:58] [Server thread/WARN]: Can't keep up! Did the system time change, or is the server overloaded? Running 4295ms behind, skipping 85 tick(s)
[18:03:18] [Server thread/WARN]: Can't keep up! Did the system time change, or is the server overloaded? Running 7335ms behind, skipping 146 tick(s)
[18:03:31] [Server thread/WARN]: Can't keep up! Did the system time change, or is the server overloaded? Running 5171ms behind, skipping 103 tick(s)
[18:03:31] [Server thread/INFO]: NischayPro lost connection: TextComponent{text='Disconnected', siblings=[], style=Style{hasParent=false, color=null, bold=null, italic=null, underlined=null, obfuscated=null, clickEvent=null, hoverEvent=null, insertion=null}}
[18:03:31] [Server thread/INFO]: NischayPro left the game
[18:03:45] [Server thread/WARN]: Can't keep up! Did the system time change, or is the server overloaded? Running 2453ms behind, skipping 49 tick(s)
[18:04:14] [Server thread/WARN]: Can't keep up! Did the system time change, or is the server overloaded? Running 2826ms behind, skipping 56 tick(s)
[18:04:33] [Server thread/WARN]: Can't keep up! Did the system time change, or is the server overloaded? Running 2942ms behind, skipping 58 tick(s)
[18:05:51] [Server thread/WARN]: Can't keep up! Did the system time change, or is the server overloaded? Running 2034ms behind, skipping 40 tick(s)
[18:07:56] [Server thread/INFO]: NischayPro[/172.16.119.111:49897] logged in with entity id 145548 at (-637.1991999798257, 65.0, 563.0774573668009)
[18:07:56] [Server thread/INFO]: NischayPro joined the game
[18:07:59] [Server thread/INFO]: NischayPro lost connection: TranslatableComponent{key='disconnect.genericReason', args=[Internal Exception: java.io.IOException: An existing connection was forcibly closed by the remote host], siblings=[], style=Style{hasParent=false, color=null, bold=null, italic=null, underlined=null, obfuscated=null, clickEvent=null, hoverEvent=null, insertion=null}}
[18:07:59] [Server thread/INFO]: NischayPro left the game
[18:09:30] [Server thread/WARN]: Can't keep up! Did the system time change, or is the server overloaded? Running 2333ms behind, skipping 46 tick(s)
[18:09:48] [Server thread/WARN]: Can't keep up! Did the system time change, or is the server overloaded? Running 2198ms behind, skipping 43 tick(s)
[18:10:10] [Server thread/WARN]: Can't keep up! Did the system time change, or is the server overloaded? Running 5127ms behind, skipping 102 tick(s)
[18:10:11] [Server thread/WARN]: Keeping entity Chicken that already exists with UUID 5b1d9564-e102-4b7a-a167-a7a55ba4da44
[18:10:28] [Server thread/WARN]: Can't keep up! Did the system time change, or is the server overloaded? Running 6533ms behind, skipping 130 tick(s)
[18:10:40] [Server thread/WARN]: Can't keep up! Did the system time change, or is the server overloaded? Running 2568ms behind, skipping 51 tick(s)
[18:10:59] [Server thread/WARN]: Keeping entity Zombie that already exists with UUID 962bed5c-92a3-4190-bf5d-d49633d9b6d8
[18:11:01] [Server thread/WARN]: Can't keep up! Did the system time change, or is the server overloaded? Running 5049ms behind, skipping 100 tick(s)
[18:11:15] [Server thread/WARN]: Can't keep up! Did the system time change, or is the server overloaded? Running 3137ms behind, skipping 62 tick(s)
[18:11:38] [Server thread/WARN]: Can't keep up! Did the system time change, or is the server overloaded? Running 8374ms behind, skipping 167 tick(s)
[18:11:50] [Server thread/WARN]: Can't keep up! Did the system time change, or is the server overloaded? Running 2982ms behind, skipping 59 tick(s)
[18:12:05] [Server thread/WARN]: Can't keep up! Did the system time change, or is the server overloaded? Running 2801ms behind, skipping 56 tick(s)
[18:12:22] [Server thread/WARN]: Can't keep up! Did the system time change, or is the server overloaded? Running 2467ms behind, skipping 49 tick(s)
[18:13:09] [Server thread/WARN]: Can't keep up! Did the system time change, or is the server overloaded? Running 2412ms behind, skipping 48 tick(s)
[18:13:55] [Server thread/WARN]: Can't keep up! Did the system time change, or is the server overloaded? Running 2173ms behind, skipping 43 tick(s)
[18:14:23] [Server thread/INFO]: NischayPro[/172.16.119.111:50342] logged in with entity id 158140 at (-637.1991999798257, 65.0, 563.0774573668009)
[18:14:23] [Server thread/INFO]: NischayPro joined the game
[18:14:31] [Server thread/INFO]: <NischayPro> YES IT WORKS
[18:14:40] [Server thread/WARN]: Can't keep up! Did the system time change, or is the server overloaded? Running 2976ms behind, skipping 59 tick(s)
[18:14:56] [Server thread/WARN]: Can't keep up! Did the system time change, or is the server overloaded? Running 2973ms behind, skipping 59 tick(s)
[18:15:13] [Server thread/WARN]: Can't keep up! Did the system time change, or is the server overloaded? Running 4384ms behind, skipping 87 tick(s)
[18:15:29] [Server thread/WARN]: Can't keep up! Did the system time change, or is the server overloaded? Running 4792ms behind, skipping 95 tick(s)
[18:15:43] [Server thread/WARN]: Can't keep up! Did the system time change, or is the server overloaded? Running 3904ms behind, skipping 78 tick(s)
[18:16:02] [Server thread/WARN]: Can't keep up! Did the system time change, or is the server overloaded? Running 5449ms behind, skipping 108 tick(s)
[18:16:23] [Server thread/WARN]: Can't keep up! Did the system time change, or is the server overloaded? Running 7392ms behind, skipping 147 tick(s)
[18:16:37] [Server thread/WARN]: Can't keep up! Did the system time change, or is the server overloaded? Running 6064ms behind, skipping 121 tick(s)
[18:16:57] [Server thread/WARN]: Can't keep up! Did the system time change, or is the server overloaded? Running 7579ms behind, skipping 151 tick(s)
[18:17:53] [Server thread/WARN]: Can't keep up! Did the system time change, or is the server overloaded? Running 35050ms behind, skipping 701 tick(s)
[18:18:00] [Server thread/WARN]: Can't keep up! Did the system time change, or is the server overloaded? Running 7111ms behind, skipping 142 tick(s)
[18:18:35] [Server thread/WARN]: Can't keep up! Did the system time change, or is the server overloaded? Running 21572ms behind, skipping 431 tick(s)
[18:18:40] [Server thread/WARN]: Can't keep up! Did the system time change, or is the server overloaded? Running 4444ms behind, skipping 88 tick(s)
[18:19:08] [Server thread/WARN]: Can't keep up! Did the system time change, or is the server overloaded? Running 15034ms behind, skipping 300 tick(s)
[18:19:12] [Server thread/WARN]: Can't keep up! Did the system time change, or is the server overloaded? Running 3981ms behind, skipping 79 tick(s)
[18:19:39] [Server thread/WARN]: Can't keep up! Did the system time change, or is the server overloaded? Running 15531ms behind, skipping 310 tick(s)
[18:19:43] [Server thread/WARN]: Can't keep up! Did the system time change, or is the server overloaded? Running 3432ms behind, skipping 68 tick(s)
[18:20:23] [Server thread/WARN]: Can't keep up! Did the system time change, or is the server overloaded? Running 19928ms behind, skipping 398 tick(s)
[18:20:26] [Server thread/WARN]: Can't keep up! Did the system time change, or is the server overloaded? Running 3551ms behind, skipping 71 tick(s)
[18:20:42] [Server thread/INFO]: [NischayPro: Set the time to 1000]
[18:21:00] [Server thread/WARN]: Can't keep up! Did the system time change, or is the server overloaded? Running 15931ms behind, skipping 318 tick(s)
[18:21:05] [Server thread/WARN]: Can't keep up! Did the system time change, or is the server overloaded? Running 4927ms behind, skipping 98 tick(s)
[18:21:29] [Server thread/WARN]: Can't keep up! Did the system time change, or is the server overloaded? Running 12167ms behind, skipping 243 tick(s)
[18:21:40] [Server thread/WARN]: Can't keep up! Did the system time change, or is the server overloaded? Running 7155ms behind, skipping 143 tick(s)
[18:21:59] [Server thread/WARN]: Can't keep up! Did the system time change, or is the server overloaded? Running 9539ms behind, skipping 190 tick(s)
[18:22:22] [Server thread/WARN]: Can't keep up! Did the system time change, or is the server overloaded? Running 11567ms behind, skipping 231 tick(s)
[18:22:28] [Server thread/INFO]: NischayPro lost connection: TranslatableComponent{key='disconnect.genericReason', args=[Internal Exception: java.io.IOException: An existing connection was forcibly closed by the remote host], siblings=[], style=Style{hasParent=false, color=null, bold=null, italic=null, underlined=null, obfuscated=null, clickEvent=null, hoverEvent=null, insertion=null}}
[18:22:28] [Server thread/INFO]: NischayPro left the game
[18:22:35] [Server thread/WARN]: Can't keep up! Did the system time change, or is the server overloaded? Running 5390ms behind, skipping 107 tick(s)
[18:22:47] [Server thread/WARN]: Can't keep up! Did the system time change, or is the server overloaded? Running 2650ms behind, skipping 53 tick(s)
[18:22:55] [Server thread/INFO]: NischayPro[/172.16.119.111:50622] logged in with entity id 171506 at (-673.6610516294813, 75.0, 557.1145840526996)
[18:22:55] [Server thread/INFO]: NischayPro joined the game
[18:23:05] [Server thread/WARN]: Can't keep up! Did the system time change, or is the server overloaded? Running 4907ms behind, skipping 98 tick(s)
[18:23:24] [Server thread/WARN]: Can't keep up! Did the system time change, or is the server overloaded? Running 5526ms behind, skipping 110 tick(s)
[18:23:39] [Server thread/INFO]: NischayPro lost connection: TextComponent{text='Disconnected', siblings=[], style=Style{hasParent=false, color=null, bold=null, italic=null, underlined=null, obfuscated=null, clickEvent=null, hoverEvent=null, insertion=null}}
[18:23:39] [Server thread/INFO]: NischayPro left the game
[18:23:40] [Server thread/WARN]: Can't keep up! Did the system time change, or is the server overloaded? Running 4155ms behind, skipping 83 tick(s)
[18:23:47] [Server thread/INFO]: Stopping server
[18:23:47] [Server thread/INFO]: Saving players
[18:23:47] [Server thread/INFO]: TOS lost connection: TextComponent{text='Disconnected', siblings=[], style=Style{hasParent=false, color=null, bold=null, italic=null, underlined=null, obfuscated=null, clickEvent=null, hoverEvent=null, insertion=null}}
[18:23:47] [Server thread/INFO]: TOS left the game
[18:23:47] [Server thread/INFO]: Saving worlds
[18:23:47] [Server thread/INFO]: Saving chunks for level 'world'/Overworld
[18:23:47] [Server Shutdown Thread/INFO]: Stopping server
[18:23:47] [Server Shutdown Thread/INFO]: Saving players
[18:23:47] [Server Shutdown Thread/INFO]: Saving worlds
[18:23:47] [Server Shutdown Thread/INFO]: Saving chunks for level 'world'/Overworld
